#
# A fatal error has been detected by the Java Runtime Environment:
#
#  EXCEPTION_ACCESS_VIOLATION (0xc0000005) at pc=0x00007ff8ada117e0, pid=34496, tid=33820
#
# JRE version: Java(TM) SE Runtime Environment (17.0.10+11) (build 17.0.10+11-LTS-240)
# Java VM: Java HotSpot(TM) 64-Bit Server VM (17.0.10+11-LTS-240, mixed mode, sharing, tiered, compressed oops, compressed class ptrs, g1 gc, windows-amd64)
# Problematic frame:
# C  [native-platform-file-events.dll+0xf17e0]
#
# No core dump will be written. Minidumps are not enabled by default on client versions of Windows
#
# If you would like to submit a bug report, please visit:
#   https://bugreport.java.com/bugreport/crash.jsp
# The crash happened outside the Java Virtual Machine in native code.
# See problematic frame for where to report the bug.
#

---------------  S U M M A R Y ------------

Command Line: -XX:MaxMetaspaceSize=512m --add-opens=java.base/java.util=ALL-UNNAMED --add-opens=java.base/java.lang=ALL-UNNAMED --add-opens=java.base/java.lang.invoke=ALL-UNNAMED --add-opens=java.prefs/java.util.prefs=ALL-UNNAMED --add-opens=java.base/java.nio.charset=ALL-UNNAMED --add-opens=java.base/java.net=ALL-UNNAMED --add-opens=java.base/java.util.concurrent.atomic=ALL-UNNAMED -Xmx2048m -Dfile.encoding=windows-1252 -Duser.country=IN -Duser.language=en -Duser.variant -javaagent:C:\Users\shubh\.gradle\wrapper\dists\gradle-8.6-all\3mbtmo166bl6vumsh5k2lkq5h\gradle-8.6\lib\agents\gradle-instrumentation-agent-8.6.jar org.gradle.launcher.daemon.bootstrap.GradleDaemon 8.6

Host: Intel(R) Core(TM) i5-9300H CPU @ 2.40GHz, 8 cores, 23G,  Windows 11 , 64 bit Build 22621 (10.0.22621.3527)
Time: Mon Jun 10 16:57:30 2024 India Standard Time elapsed time: 77.884737 seconds (0d 0h 1m 17s)

---------------  T H R E A D  ---------------

Current thread (0x00000241271f2720):  JavaThread "File watcher server" daemon [_thread_in_native, id=33820, stack(0x000000f502100000,0x000000f502200000)]

Stack: [0x000000f502100000,0x000000f502200000],  sp=0x000000f5021fece8,  free space=1019k
Native frames: (J=compiled Java code, j=interpreted, Vv=VM code, C=native code)
C  [native-platform-file-events.dll+0xf17e0]

Java frames: (J=compiled Java code, j=interpreted, Vv=VM code)
j  net.rubygrapefruit.platform.internal.jni.AbstractNativeFileEventFunctions$NativeFileWatcher.executeRunLoop0(Ljava/lang/Object;)V+0
j  net.rubygrapefruit.platform.internal.jni.AbstractNativeFileEventFunctions$NativeFileWatcher.executeRunLoop()V+5
j  net.rubygrapefruit.platform.internal.jni.AbstractFileEventFunctions$AbstractFileWatcher$1.run()V+21
v  ~StubRoutines::call_stub

siginfo: EXCEPTION_ACCESS_VIOLATION (0xc0000005), reading address 0xffffffffffffffff


Registers:
RAX=0xea00007ff9e92e2b, RBX=0x0000000000000000, RCX=0x000000f501af9d78, RDX=0x0000000000000000
RSP=0x000000f5021fece8, RBP=0x000000f5021ff6e8, RSI=0x000000f501af9d70, RDI=0x000000f501af9d30
R8 =0x0000024165002940, R9 =0x0000000000000001, R10=0x0000000000000003, R11=0x000000f5021fe9a0
R12=0x0000000000000000, R13=0x0000024122106030, R14=0x0000000000000000, R15=0x00000241271f2720
RIP=0x00007ff8ada117e0, EFLAGS=0x0000000000010212


Register to memory mapping:

RIP=0x00007ff8ada117e0 native-platform-file-events.dll
RAX=0xea00007ff9e92e2b is an unknown value
RBX=0x0 is NULL
RCX=0x000000f501af9d78 is pointing into the stack for thread: 0x000002417f584340
RDX=0x0 is NULL
RSP=0x000000f5021fece8 is pointing into the stack for thread: 0x00000241271f2720
RBP=0x000000f5021ff6e8 is pointing into the stack for thread: 0x00000241271f2720
RSI=0x000000f501af9d70 is pointing into the stack for thread: 0x000002417f584340
RDI=0x000000f501af9d30 is pointing into the stack for thread: 0x000002417f584340
R8 =0x0000024165002940 points into unknown readable memory: 0x0000024165000de0 | e0 0d 00 65 41 02 00 00
R9 =0x0000000000000001 is an unknown value
R10=0x0000000000000003 is an unknown value
R11=0x000000f5021fe9a0 is pointing into the stack for thread: 0x00000241271f2720
R12=0x0 is NULL
R13={method} {0x0000024122106038} 'executeRunLoop0' '(Ljava/lang/Object;)V' in 'net/rubygrapefruit/platform/internal/jni/AbstractNativeFileEventFunctions$NativeFileWatcher'
R14=0x0 is NULL
R15=0x00000241271f2720 is a thread


Top of Stack: (sp=0x000000f5021fece8)
0x000000f5021fece8:   00007ff8ad966369 0000000000000000
0x000000f5021fecf8:   000000f5021fecf8 0000000000000000
0x000000f5021fed08:   00007ff8ad943133 00000241286921b8
0x000000f5021fed18:   00007ff8ad96673f 000034526ec459ed
0x000000f5021fed28:   00007ff8ad94da83 000000f5021ff710
0x000000f5021fed38:   000000f501af9d30 00007ff8ad93f150
0x000000f5021fed48:   00007ff8ad95709b 000000f501af9d70
0x000000f5021fed58:   00000241758aaf77 0000000000000000
0x000000f5021fed68:   00007ff8ad94bfae 00000241286921b0
0x000000f5021fed78:   00007ff8ad9492a6 000000f501af9d70
0x000000f5021fed88:   00000241063457d8 00000241286921b0
0x000000f5021fed98:   000000008077cec8 000002410613b668
0x000000f5021feda8:   00007ff8ad9564c2 000000f5021fedf0
0x000000f5021fedb8:   000000f501af9d70 0000024100000000
0x000000f5021fedc8:   000002412a713000 0000000000000001
0x000000f5021fedd8:   000000f5021fedd8 0000024106b2c9d2 

Instructions: (pc=0x00007ff8ada117e0)
0x00007ff8ada116e0:   cc cc cc cc cc cc cc cc cc cc cc cc cc cc cc cc
0x00007ff8ada116f0:   cc cc cc cc cc cc cc cc cc cc cc cc cc cc cc cc
0x00007ff8ada11700:   cc cc cc cc cc cc cc cc cc cc cc cc cc cc cc cc
0x00007ff8ada11710:   cc cc cc cc cc cc cc cc cc cc cc cc cc cc cc cc
0x00007ff8ada11720:   cc cc cc cc cc cc cc cc cc cc cc cc cc cc cc cc
0x00007ff8ada11730:   cc cc cc cc cc cc cc cc cc cc cc cc cc cc cc cc
0x00007ff8ada11740:   cc cc cc cc cc cc cc cc cc cc cc cc cc cc cc cc
0x00007ff8ada11750:   cc cc cc cc cc cc cc cc cc cc cc cc cc cc cc cc
0x00007ff8ada11760:   cc cc cc cc cc cc cc cc cc cc cc cc cc cc cc cc
0x00007ff8ada11770:   cc cc cc cc cc cc cc cc cc cc cc cc cc cc cc cc
0x00007ff8ada11780:   cc cc cc cc cc cc cc cc cc cc cc cc cc cc cc cc
0x00007ff8ada11790:   cc cc cc cc cc cc cc cc cc cc cc cc cc cc cc cc
0x00007ff8ada117a0:   cc cc cc cc cc cc cc cc cc cc cc cc cc cc cc cc
0x00007ff8ada117b0:   cc cc cc cc cc cc cc cc cc cc cc cc cc cc cc cc
0x00007ff8ada117c0:   cc cc cc cc cc cc cc cc cc cc cc cc cc cc cc cc
0x00007ff8ada117d0:   cc cc cc cc cc cc 66 66 0f 1f 84 00 00 00 00 00
0x00007ff8ada117e0:   ff e0 cc cc cc cc cc cc cc cc cc cc cc cc cc cc
0x00007ff8ada117f0:   cc cc cc cc cc cc 66 66 0f 1f 84 00 00 00 00 00
0x00007ff8ada11800:   ff 25 1a e8 04 00 cc cc cc cc cc cc cc cc cc cc
0x00007ff8ada11810:   cc cc cc cc cc cc cc cc cc cc cc cc cc cc cc cc
0x00007ff8ada11820:   cc cc cc cc cc cc cc cc cc cc cc cc cc cc cc cc
0x00007ff8ada11830:   cc cc cc cc cc cc cc cc cc cc cc cc cc cc cc cc
0x00007ff8ada11840:   cc cc cc cc cc cc cc cc cc cc cc cc cc cc cc cc
0x00007ff8ada11850:   cc cc cc cc cc cc cc cc cc cc cc cc cc cc cc cc
0x00007ff8ada11860:   cc cc cc cc cc cc cc cc cc cc cc cc cc cc cc cc
0x00007ff8ada11870:   cc cc cc cc cc cc cc cc cc cc cc cc cc cc cc cc
0x00007ff8ada11880:   cc cc cc cc cc cc cc cc cc cc cc cc cc cc cc cc
0x00007ff8ada11890:   cc cc cc cc cc cc cc cc cc cc cc cc cc cc cc cc
0x00007ff8ada118a0:   cc cc cc cc cc cc cc cc cc cc cc cc cc cc cc cc
0x00007ff8ada118b0:   cc cc cc cc cc cc cc cc cc cc cc cc cc cc cc cc
0x00007ff8ada118c0:   cc cc cc cc cc cc cc cc cc cc cc cc cc cc cc cc
0x00007ff8ada118d0:   cc cc cc cc cc cc cc cc cc cc cc cc cc cc cc cc 


Stack slot to memory mapping:
stack at sp + 0 slots: 0x00007ff8ad966369 native-platform-file-events.dll
stack at sp + 1 slots: 0x0 is NULL
stack at sp + 2 slots: 0x000000f5021fecf8 is pointing into the stack for thread: 0x00000241271f2720
stack at sp + 3 slots: 0x0 is NULL
stack at sp + 4 slots: 0x00007ff8ad943133 native-platform-file-events.dll
stack at sp + 5 slots: 0x00000241286921b8 points into unknown readable memory: 0x00000241297be060 | 60 e0 7b 29 41 02 00 00
stack at sp + 6 slots: 0x00007ff8ad96673f native-platform-file-events.dll
stack at sp + 7 slots: 0x000034526ec459ed is an unknown value


---------------  P R O C E S S  ---------------

Threads class SMR info:
_java_thread_list=0x000002417f656040, length=42, elements={
0x00000241652f84d0, 0x000002417f2aa800, 0x000002417f2ab890, 0x000002417f2c4b70,
0x000002417f2c6740, 0x000002417f2c98b0, 0x000002417f2caca0, 0x000002417f2cce10,
0x000002417f2ce330, 0x000002417f582f00, 0x000002417f584d60, 0x000002417f5861a0,
0x000002417f585780, 0x000002417f583e30, 0x000002417f585270, 0x000002417f585c90,
0x000002417f5866b0, 0x000002417f583410, 0x000002417f584340, 0x000002417f583920,
0x000002417f584850, 0x00000241271f4580, 0x00000241271f2210, 0x00000241271f8750,
0x00000241271f6e00, 0x00000241271f2720, 0x00000241271f63e0, 0x00000241271f68f0,
0x00000241271f4a90, 0x00000241271f2c30, 0x00000241271f4fa0, 0x00000241271f54b0,
0x00000241271f59c0, 0x00000241271f17f0, 0x00000241271f3140, 0x00000241271f1d00,
0x00000241271f7d30, 0x00000241271f9170, 0x00000241271f4070, 0x00000241271f8240,
0x0000024127011e50, 0x00000241270137a0
}

Java Threads: ( => current thread )
  0x00000241652f84d0 JavaThread "main" [_thread_blocked, id=34568, stack(0x000000f57f700000,0x000000f57f800000)]
  0x000002417f2aa800 JavaThread "Reference Handler" daemon [_thread_blocked, id=34608, stack(0x000000f57fe00000,0x000000f57ff00000)]
  0x000002417f2ab890 JavaThread "Finalizer" daemon [_thread_blocked, id=34612, stack(0x000000f57ff00000,0x000000f580000000)]
  0x000002417f2c4b70 JavaThread "Signal Dispatcher" daemon [_thread_blocked, id=34616, stack(0x000000f500000000,0x000000f500100000)]
  0x000002417f2c6740 JavaThread "Attach Listener" daemon [_thread_blocked, id=34620, stack(0x000000f500100000,0x000000f500200000)]
  0x000002417f2c98b0 JavaThread "Service Thread" daemon [_thread_blocked, id=34624, stack(0x000000f500200000,0x000000f500300000)]
  0x000002417f2caca0 JavaThread "Monitor Deflation Thread" daemon [_thread_blocked, id=34628, stack(0x000000f500300000,0x000000f500400000)]
  0x000002417f2cce10 JavaThread "C2 CompilerThread0" daemon [_thread_blocked, id=34632, stack(0x000000f500400000,0x000000f500500000)]
  0x000002417f2ce330 JavaThread "C1 CompilerThread0" daemon [_thread_blocked, id=34636, stack(0x000000f500500000,0x000000f500600000)]
  0x000002417f582f00 JavaThread "Sweeper thread" daemon [_thread_blocked, id=34640, stack(0x000000f500600000,0x000000f500700000)]
  0x000002417f584d60 JavaThread "Common-Cleaner" daemon [_thread_blocked, id=34644, stack(0x000000f500700000,0x000000f500800000)]
  0x000002417f5861a0 JavaThread "Notification Thread" daemon [_thread_blocked, id=34648, stack(0x000000f500800000,0x000000f500900000)]
  0x000002417f585780 JavaThread "Daemon health stats" [_thread_blocked, id=34752, stack(0x000000f501400000,0x000000f501500000)]
  0x000002417f583e30 JavaThread "Incoming local TCP Connector on port 53683" [_thread_in_native, id=34760, stack(0x000000f501500000,0x000000f501600000)]
  0x000002417f585270 JavaThread "Daemon periodic checks" [_thread_blocked, id=34764, stack(0x000000f501600000,0x000000f501700000)]
  0x000002417f585c90 JavaThread "Daemon" [_thread_blocked, id=34776, stack(0x000000f501700000,0x000000f501800000)]
  0x000002417f5866b0 JavaThread "Handler for socket connection from /127.0.0.1:53683 to /127.0.0.1:53684" [_thread_in_native, id=34780, stack(0x000000f501800000,0x000000f501900000)]
  0x000002417f583410 JavaThread "Cancel handler" [_thread_blocked, id=34784, stack(0x000000f501900000,0x000000f501a00000)]
  0x000002417f584340 JavaThread "Daemon worker" [_thread_in_native, id=34788, stack(0x000000f501a00000,0x000000f501b00000)]
  0x000002417f583920 JavaThread "Asynchronous log dispatcher for DefaultDaemonConnection: socket connection from /127.0.0.1:53683 to /127.0.0.1:53684" [_thread_blocked, id=34800, stack(0x000000f501b00000,0x000000f501c00000)]
  0x000002417f584850 JavaThread "Stdin handler" [_thread_blocked, id=34804, stack(0x000000f501c00000,0x000000f501d00000)]
  0x00000241271f4580 JavaThread "Daemon client event forwarder" [_thread_blocked, id=34808, stack(0x000000f501d00000,0x000000f501e00000)]
  0x00000241271f2210 JavaThread "Cache worker for journal cache (C:\Users\shubh\.gradle\caches\journal-1)" [_thread_blocked, id=33832, stack(0x000000f500b00000,0x000000f500c00000)]
  0x00000241271f8750 JavaThread "File lock request listener" [_thread_in_native, id=33836, stack(0x000000f501e00000,0x000000f501f00000)]
  0x00000241271f6e00 JavaThread "Cache worker for file hash cache (C:\Users\shubh\.gradle\caches\8.6\fileHashes)" [_thread_blocked, id=33848, stack(0x000000f501f00000,0x000000f502000000)]
=>0x00000241271f2720 JavaThread "File watcher server" daemon [_thread_in_native, id=33820, stack(0x000000f502100000,0x000000f502200000)]
  0x00000241271f63e0 JavaThread "File watcher consumer" daemon [_thread_blocked, id=33816, stack(0x000000f502200000,0x000000f502300000)]
  0x00000241271f68f0 JavaThread "Cache worker for checksums cache (E:\HexxaTech\React QR Scan\android\.gradle\8.6\checksums)" [_thread_blocked, id=33812, stack(0x000000f502300000,0x000000f502400000)]
  0x00000241271f4a90 JavaThread "Cache worker for file hash cache (E:\HexxaTech\React QR Scan\android\.gradle\8.6\fileHashes)" [_thread_blocked, id=33852, stack(0x000000f502500000,0x000000f502600000)]
  0x00000241271f2c30 JavaThread "Cache worker for cache directory md-supplier (C:\Users\shubh\.gradle\caches\8.6\md-supplier)" [_thread_blocked, id=33856, stack(0x000000f502600000,0x000000f502700000)]
  0x00000241271f4fa0 JavaThread "Cache worker for cache directory md-rule (C:\Users\shubh\.gradle\caches\8.6\md-rule)" [_thread_blocked, id=33860, stack(0x000000f502700000,0x000000f502800000)]
  0x00000241271f54b0 JavaThread "Cache worker for file content cache (C:\Users\shubh\.gradle\caches\8.6\fileContent)" [_thread_blocked, id=33864, stack(0x000000f502800000,0x000000f502900000)]
  0x00000241271f59c0 JavaThread "jar transforms" [_thread_blocked, id=17248, stack(0x000000f502900000,0x000000f502a00000)]
  0x00000241271f17f0 JavaThread "jar transforms Thread 2" [_thread_blocked, id=24296, stack(0x000000f502a00000,0x000000f502b00000)]
  0x00000241271f3140 JavaThread "jar transforms Thread 3" [_thread_blocked, id=34104, stack(0x000000f502b00000,0x000000f502c00000)]
  0x00000241271f1d00 JavaThread "jar transforms Thread 4" [_thread_blocked, id=34124, stack(0x000000f502c00000,0x000000f502d00000)]
  0x00000241271f7d30 JavaThread "jar transforms Thread 5" [_thread_blocked, id=34240, stack(0x000000f503000000,0x000000f503100000)]
  0x00000241271f9170 JavaThread "jar transforms Thread 6" [_thread_blocked, id=34236, stack(0x000000f503100000,0x000000f503200000)]
  0x00000241271f4070 JavaThread "jar transforms Thread 7" [_thread_blocked, id=19956, stack(0x000000f502000000,0x000000f502100000)]
  0x00000241271f8240 JavaThread "jar transforms Thread 8" [_thread_blocked, id=15376, stack(0x000000f503200000,0x000000f503300000)]
  0x0000024127011e50 JavaThread "Unconstrained build operations" [_thread_blocked, id=30068, stack(0x000000f503500000,0x000000f503600000)]
  0x00000241270137a0 JavaThread "Unconstrained build operations Thread 2" [_thread_blocked, id=33920, stack(0x000000f503600000,0x000000f503700000)]

Other Threads:
  0x000002417f2a5000 VMThread "VM Thread" [stack: 0x000000f57fd00000,0x000000f57fe00000] [id=34604]
  0x000002416536f570 WatcherThread [stack: 0x000000f500900000,0x000000f500a00000] [id=34652]
  0x0000024165356170 GCTaskThread "GC Thread#0" [stack: 0x000000f57f800000,0x000000f57f900000] [id=34572]
  0x0000024125e52790 GCTaskThread "GC Thread#1" [stack: 0x000000f500c00000,0x000000f500d00000] [id=34692]
  0x0000024125a502e0 GCTaskThread "GC Thread#2" [stack: 0x000000f500d00000,0x000000f500e00000] [id=34696]
  0x0000024125e7b860 GCTaskThread "GC Thread#3" [stack: 0x000000f500e00000,0x000000f500f00000] [id=34700]
  0x0000024125e7bb20 GCTaskThread "GC Thread#4" [stack: 0x000000f500f00000,0x000000f501000000] [id=34704]
  0x0000024125272fb0 GCTaskThread "GC Thread#5" [stack: 0x000000f501000000,0x000000f501100000] [id=34708]
  0x00000241258ebd90 GCTaskThread "GC Thread#6" [stack: 0x000000f501100000,0x000000f501200000] [id=34712]
  0x00000241258ecb50 GCTaskThread "GC Thread#7" [stack: 0x000000f501200000,0x000000f501300000] [id=34716]
  0x00000241653670c0 ConcurrentGCThread "G1 Main Marker" [stack: 0x000000f57f900000,0x000000f57fa00000] [id=34576]
  0x0000024165367ad0 ConcurrentGCThread "G1 Conc#0" [stack: 0x000000f57fa00000,0x000000f57fb00000] [id=34580]
  0x00000241258ec890 ConcurrentGCThread "G1 Conc#1" [stack: 0x000000f502400000,0x000000f502500000] [id=33808]
  0x000002417f1e1c90 ConcurrentGCThread "G1 Refine#0" [stack: 0x000000f57fb00000,0x000000f57fc00000] [id=34584]
  0x00000241258b4d90 ConcurrentGCThread "G1 Refine#1" [stack: 0x000000f501300000,0x000000f501400000] [id=34720]
  0x00000241250b2920 ConcurrentGCThread "G1 Refine#2" [stack: 0x000000f503700000,0x000000f503800000] [id=34680]
  0x00000241250b11a0 ConcurrentGCThread "G1 Refine#3" [stack: 0x000000f503800000,0x000000f503900000] [id=34684]
  0x000002417f1e1f80 ConcurrentGCThread "G1 Service" [stack: 0x000000f57fc00000,0x000000f57fd00000] [id=34588]

Threads with active compile tasks:

VM state: not at safepoint (normal execution)

VM Mutex/Monitor currently owned by a thread: None

Heap address: 0x0000000080000000, size: 2048 MB, Compressed Oops mode: 32-bit

CDS archive(s) mapped at: [0x0000024106000000-0x0000024106bd0000-0x0000024106bd0000), size 12386304, SharedBaseAddress: 0x0000024106000000, ArchiveRelocationMode: 1.
Compressed class space mapped at: 0x0000024107000000-0x0000024121000000, reserved size: 436207616
Narrow klass base: 0x0000024106000000, Narrow klass shift: 0, Narrow klass range: 0x100000000

GC Precious Log:
 CPUs: 8 total, 8 available
 Memory: 24428M
 Large Page Support: Disabled
 NUMA Support: Disabled
 Compressed Oops: Enabled (32-bit)
 Heap Region Size: 1M
 Heap Min Capacity: 8M
 Heap Initial Capacity: 382M
 Heap Max Capacity: 2G
 Pre-touch: Disabled
 Parallel Workers: 8
 Concurrent Workers: 2
 Concurrent Refinement Workers: 8
 Periodic GC: Disabled

Heap:
 garbage-first heap   total 81920K, used 62808K [0x0000000080000000, 0x0000000100000000)
  region size 1024K, 18 young (18432K), 4 survivors (4096K)
 Metaspace       used 60579K, committed 61120K, reserved 491520K
  class space    used 8208K, committed 8448K, reserved 425984K

Heap Regions: E=young(eden), S=young(survivor), O=old, HS=humongous(starts), HC=humongous(continues), CS=collection set, F=free, OA=open archive, CA=closed archive, TAMS=top-at-mark-start (previous, next)
|   0|0x0000000080000000, 0x0000000080100000, 0x0000000080100000|100%|HS|  |TAMS 0x0000000080100000, 0x0000000080000000| Complete 
|   1|0x0000000080100000, 0x0000000080200000, 0x0000000080200000|100%|HC|  |TAMS 0x0000000080200000, 0x0000000080100000| Complete 
|   2|0x0000000080200000, 0x0000000080300000, 0x0000000080300000|100%|HC|  |TAMS 0x0000000080300000, 0x0000000080200000| Complete 
|   3|0x0000000080300000, 0x0000000080400000, 0x0000000080400000|100%|HC|  |TAMS 0x0000000080400000, 0x0000000080300000| Complete 
|   4|0x0000000080400000, 0x0000000080500000, 0x0000000080500000|100%| O|  |TAMS 0x0000000080500000, 0x0000000080400000| Untracked 
|   5|0x0000000080500000, 0x0000000080600000, 0x0000000080600000|100%| O|  |TAMS 0x0000000080600000, 0x0000000080500000| Untracked 
|   6|0x0000000080600000, 0x0000000080700000, 0x0000000080700000|100%| O|  |TAMS 0x0000000080700000, 0x0000000080600000| Untracked 
|   7|0x0000000080700000, 0x0000000080800000, 0x0000000080800000|100%| O|  |TAMS 0x0000000080800000, 0x0000000080700000| Untracked 
|   8|0x0000000080800000, 0x0000000080900000, 0x0000000080900000|100%| O|  |TAMS 0x0000000080900000, 0x0000000080800000| Untracked 
|   9|0x0000000080900000, 0x0000000080a00000, 0x0000000080a00000|100%| O|  |TAMS 0x0000000080a00000, 0x0000000080900000| Untracked 
|  10|0x0000000080a00000, 0x0000000080b00000, 0x0000000080b00000|100%| O|  |TAMS 0x0000000080b00000, 0x0000000080a00000| Untracked 
|  11|0x0000000080b00000, 0x0000000080c00000, 0x0000000080c00000|100%| O|  |TAMS 0x0000000080c00000, 0x0000000080b00000| Untracked 
|  12|0x0000000080c00000, 0x0000000080d00000, 0x0000000080d00000|100%| O|  |TAMS 0x0000000080d00000, 0x0000000080c00000| Untracked 
|  13|0x0000000080d00000, 0x0000000080e00000, 0x0000000080e00000|100%| O|  |TAMS 0x0000000080e00000, 0x0000000080d00000| Untracked 
|  14|0x0000000080e00000, 0x0000000080f00000, 0x0000000080f00000|100%| O|  |TAMS 0x0000000080f00000, 0x0000000080e00000| Untracked 
|  15|0x0000000080f00000, 0x0000000081000000, 0x0000000081000000|100%| O|  |TAMS 0x0000000081000000, 0x0000000080f00000| Untracked 
|  16|0x0000000081000000, 0x0000000081100000, 0x0000000081100000|100%| O|  |TAMS 0x0000000081100000, 0x0000000081000000| Untracked 
|  17|0x0000000081100000, 0x0000000081200000, 0x0000000081200000|100%| O|  |TAMS 0x0000000081200000, 0x0000000081100000| Untracked 
|  18|0x0000000081200000, 0x0000000081300000, 0x0000000081300000|100%| O|  |TAMS 0x0000000081300000, 0x0000000081200000| Untracked 
|  19|0x0000000081300000, 0x0000000081400000, 0x0000000081400000|100%| O|  |TAMS 0x0000000081400000, 0x0000000081300000| Untracked 
|  20|0x0000000081400000, 0x0000000081500000, 0x0000000081500000|100%| O|  |TAMS 0x0000000081500000, 0x0000000081400000| Untracked 
|  21|0x0000000081500000, 0x0000000081600000, 0x0000000081600000|100%| O|  |TAMS 0x0000000081600000, 0x0000000081500000| Untracked 
|  22|0x0000000081600000, 0x0000000081700000, 0x0000000081700000|100%| O|  |TAMS 0x0000000081700000, 0x0000000081600000| Untracked 
|  23|0x0000000081700000, 0x0000000081800000, 0x0000000081800000|100%| O|  |TAMS 0x0000000081800000, 0x0000000081700000| Untracked 
|  24|0x0000000081800000, 0x0000000081900000, 0x0000000081900000|100%| O|  |TAMS 0x0000000081900000, 0x0000000081800000| Untracked 
|  25|0x0000000081900000, 0x0000000081a00000, 0x0000000081a00000|100%| O|  |TAMS 0x0000000081a00000, 0x0000000081900000| Untracked 
|  26|0x0000000081a00000, 0x0000000081b00000, 0x0000000081b00000|100%| O|  |TAMS 0x0000000081b00000, 0x0000000081a00000| Untracked 
|  27|0x0000000081b00000, 0x0000000081c00000, 0x0000000081c00000|100%| O|  |TAMS 0x0000000081c00000, 0x0000000081b00000| Untracked 
|  28|0x0000000081c00000, 0x0000000081d00000, 0x0000000081d00000|100%| O|  |TAMS 0x0000000081d00000, 0x0000000081c00000| Untracked 
|  29|0x0000000081d00000, 0x0000000081e00000, 0x0000000081e00000|100%| O|  |TAMS 0x0000000081e00000, 0x0000000081d00000| Untracked 
|  30|0x0000000081e00000, 0x0000000081f00000, 0x0000000081f00000|100%| O|  |TAMS 0x0000000081f00000, 0x0000000081e00000| Untracked 
|  31|0x0000000081f00000, 0x0000000082000000, 0x0000000082000000|100%| O|  |TAMS 0x0000000082000000, 0x0000000081f00000| Untracked 
|  32|0x0000000082000000, 0x0000000082100000, 0x0000000082100000|100%| O|  |TAMS 0x0000000082100000, 0x0000000082000000| Untracked 
|  33|0x0000000082100000, 0x0000000082200000, 0x0000000082200000|100%| O|  |TAMS 0x0000000082200000, 0x0000000082100000| Untracked 
|  34|0x0000000082200000, 0x0000000082300000, 0x0000000082300000|100%| O|  |TAMS 0x0000000082300000, 0x0000000082200000| Untracked 
|  35|0x0000000082300000, 0x0000000082400000, 0x0000000082400000|100%| O|  |TAMS 0x0000000082400000, 0x0000000082300000| Untracked 
|  36|0x0000000082400000, 0x0000000082500000, 0x0000000082500000|100%| O|  |TAMS 0x0000000082500000, 0x0000000082400000| Untracked 
|  37|0x0000000082500000, 0x0000000082600000, 0x0000000082600000|100%| O|  |TAMS 0x0000000082600000, 0x0000000082500000| Untracked 
|  38|0x0000000082600000, 0x0000000082700000, 0x0000000082700000|100%| O|  |TAMS 0x00000000826f7600, 0x0000000082600000| Untracked 
|  39|0x0000000082700000, 0x0000000082800000, 0x0000000082800000|100%| O|  |TAMS 0x0000000082700000, 0x0000000082700000| Untracked 
|  40|0x0000000082800000, 0x0000000082900000, 0x0000000082900000|100%| O|  |TAMS 0x0000000082800000, 0x0000000082800000| Untracked 
|  41|0x0000000082900000, 0x0000000082a00000, 0x0000000082a00000|100%| O|  |TAMS 0x0000000082900000, 0x0000000082900000| Untracked 
|  42|0x0000000082a00000, 0x0000000082b00000, 0x0000000082b00000|100%| O|  |TAMS 0x0000000082a00000, 0x0000000082a00000| Untracked 
|  43|0x0000000082b00000, 0x0000000082c00000, 0x0000000082c00000|100%| O|  |TAMS 0x0000000082b00000, 0x0000000082b00000| Untracked 
|  44|0x0000000082c00000, 0x0000000082c56200, 0x0000000082d00000| 33%| O|  |TAMS 0x0000000082c00000, 0x0000000082c00000| Untracked 
|  45|0x0000000082d00000, 0x0000000082d00000, 0x0000000082e00000|  0%| F|  |TAMS 0x0000000082d00000, 0x0000000082d00000| Untracked 
|  46|0x0000000082e00000, 0x0000000082e00000, 0x0000000082f00000|  0%| F|  |TAMS 0x0000000082e00000, 0x0000000082e00000| Untracked 
|  47|0x0000000082f00000, 0x0000000082f00000, 0x0000000083000000|  0%| F|  |TAMS 0x0000000082f00000, 0x0000000082f00000| Untracked 
|  48|0x0000000083000000, 0x0000000083000000, 0x0000000083100000|  0%| F|  |TAMS 0x0000000083000000, 0x0000000083000000| Untracked 
|  49|0x0000000083100000, 0x0000000083200000, 0x0000000083200000|100%| S|CS|TAMS 0x0000000083100000, 0x0000000083100000| Complete 
|  50|0x0000000083200000, 0x0000000083200000, 0x0000000083300000|  0%| F|  |TAMS 0x0000000083200000, 0x0000000083200000| Untracked 
|  51|0x0000000083300000, 0x0000000083300000, 0x0000000083400000|  0%| F|  |TAMS 0x0000000083300000, 0x0000000083300000| Untracked 
|  52|0x0000000083400000, 0x0000000083500000, 0x0000000083500000|100%| S|CS|TAMS 0x0000000083400000, 0x0000000083400000| Complete 
|  53|0x0000000083500000, 0x0000000083600000, 0x0000000083600000|100%| S|CS|TAMS 0x0000000083500000, 0x0000000083500000| Complete 
|  54|0x0000000083600000, 0x0000000083700000, 0x0000000083700000|100%| S|CS|TAMS 0x0000000083600000, 0x0000000083600000| Complete 
|  55|0x0000000083700000, 0x0000000083700000, 0x0000000083800000|  0%| F|  |TAMS 0x0000000083700000, 0x0000000083700000| Untracked 
|  56|0x0000000083800000, 0x0000000083800000, 0x0000000083900000|  0%| F|  |TAMS 0x0000000083800000, 0x0000000083800000| Untracked 
|  57|0x0000000083900000, 0x0000000083900000, 0x0000000083a00000|  0%| F|  |TAMS 0x0000000083900000, 0x0000000083900000| Untracked 
|  58|0x0000000083a00000, 0x0000000083a00000, 0x0000000083b00000|  0%| F|  |TAMS 0x0000000083a00000, 0x0000000083a00000| Untracked 
|  59|0x0000000083b00000, 0x0000000083b00000, 0x0000000083c00000|  0%| F|  |TAMS 0x0000000083b00000, 0x0000000083b00000| Untracked 
|  60|0x0000000083c00000, 0x0000000083c00000, 0x0000000083d00000|  0%| F|  |TAMS 0x0000000083c00000, 0x0000000083c00000| Untracked 
|  61|0x0000000083d00000, 0x0000000083d00000, 0x0000000083e00000|  0%| F|  |TAMS 0x0000000083d00000, 0x0000000083d00000| Untracked 
|  62|0x0000000083e00000, 0x0000000083e00000, 0x0000000083f00000|  0%| F|  |TAMS 0x0000000083e00000, 0x0000000083e00000| Untracked 
|  63|0x0000000083f00000, 0x0000000083f00000, 0x0000000084000000|  0%| F|  |TAMS 0x0000000083f00000, 0x0000000083f00000| Untracked 
|  64|0x0000000084000000, 0x0000000084000000, 0x0000000084100000|  0%| F|  |TAMS 0x0000000084000000, 0x0000000084000000| Untracked 
|  65|0x0000000084100000, 0x0000000084100000, 0x0000000084200000|  0%| F|  |TAMS 0x0000000084100000, 0x0000000084100000| Untracked 
|  66|0x0000000084200000, 0x0000000084289408, 0x0000000084300000| 53%| E|  |TAMS 0x0000000084200000, 0x0000000084200000| Complete 
| 250|0x000000008fa00000, 0x000000008fb00000, 0x000000008fb00000|100%| E|CS|TAMS 0x000000008fa00000, 0x000000008fa00000| Complete 
| 251|0x000000008fb00000, 0x000000008fc00000, 0x000000008fc00000|100%| E|CS|TAMS 0x000000008fb00000, 0x000000008fb00000| Complete 
| 252|0x000000008fc00000, 0x000000008fd00000, 0x000000008fd00000|100%| E|CS|TAMS 0x000000008fc00000, 0x000000008fc00000| Complete 
| 253|0x000000008fd00000, 0x000000008fe00000, 0x000000008fe00000|100%| E|CS|TAMS 0x000000008fd00000, 0x000000008fd00000| Complete 
| 254|0x000000008fe00000, 0x000000008ff00000, 0x000000008ff00000|100%| E|CS|TAMS 0x000000008fe00000, 0x000000008fe00000| Complete 
| 255|0x000000008ff00000, 0x0000000090000000, 0x0000000090000000|100%| E|CS|TAMS 0x000000008ff00000, 0x000000008ff00000| Complete 
| 256|0x0000000090000000, 0x0000000090100000, 0x0000000090100000|100%| E|CS|TAMS 0x0000000090000000, 0x0000000090000000| Complete 
| 257|0x0000000090100000, 0x0000000090200000, 0x0000000090200000|100%| E|CS|TAMS 0x0000000090100000, 0x0000000090100000| Complete 
| 258|0x0000000090200000, 0x0000000090300000, 0x0000000090300000|100%| E|CS|TAMS 0x0000000090200000, 0x0000000090200000| Complete 
| 259|0x0000000090300000, 0x0000000090400000, 0x0000000090400000|100%| E|CS|TAMS 0x0000000090300000, 0x0000000090300000| Complete 
| 260|0x0000000090400000, 0x0000000090500000, 0x0000000090500000|100%| E|CS|TAMS 0x0000000090400000, 0x0000000090400000| Complete 
| 261|0x0000000090500000, 0x0000000090600000, 0x0000000090600000|100%| E|CS|TAMS 0x0000000090500000, 0x0000000090500000| Complete 
| 381|0x0000000097d00000, 0x0000000097e00000, 0x0000000097e00000|100%| E|CS|TAMS 0x0000000097d00000, 0x0000000097d00000| Complete 

Card table byte_map: [0x000002417e1e0000,0x000002417e5e0000] _byte_map_base: 0x000002417dde0000

Marking Bits (Prev, Next): (CMBitMap*) 0x00000241653567d0, (CMBitMap*) 0x0000024165356790
 Prev Bits: [0x0000024102000000, 0x0000024104000000)
 Next Bits: [0x0000024100000000, 0x0000024102000000)

Polling page: 0x00000241653c0000

Metaspace:

Usage:
  Non-class:     51.14 MB used.
      Class:      8.02 MB used.
       Both:     59.16 MB used.

Virtual space:
  Non-class space:       64.00 MB reserved,      51.44 MB ( 80%) committed,  1 nodes.
      Class space:      416.00 MB reserved,       8.25 MB (  2%) committed,  1 nodes.
             Both:      480.00 MB reserved,      59.69 MB ( 12%) committed. 

Chunk freelists:
   Non-Class:  12.25 MB
       Class:  7.77 MB
        Both:  20.02 MB

MaxMetaspaceSize: 512.00 MB
CompressedClassSpaceSize: 416.00 MB
Initial GC threshold: 21.00 MB
Current GC threshold: 93.38 MB
CDS: on
MetaspaceReclaimPolicy: balanced
 - commit_granule_bytes: 65536.
 - commit_granule_words: 8192.
 - virtual_space_node_default_size: 8388608.
 - enlarge_chunks_in_place: 1.
 - new_chunks_are_fully_committed: 0.
 - uncommit_free_chunks: 1.
 - use_allocation_guard: 0.
 - handle_deallocations: 1.


Internal statistics:

num_allocs_failed_limit: 6.
num_arena_births: 630.
num_arena_deaths: 0.
num_vsnodes_births: 2.
num_vsnodes_deaths: 0.
num_space_committed: 955.
num_space_uncommitted: 0.
num_chunks_returned_to_freelist: 6.
num_chunks_taken_from_freelist: 2806.
num_chunk_merges: 6.
num_chunk_splits: 1902.
num_chunks_enlarged: 1359.
num_inconsistent_stats: 0.

CodeHeap 'non-profiled nmethods': size=120000Kb used=3862Kb max_used=3862Kb free=116137Kb
 bounds [0x0000024175e40000, 0x0000024176210000, 0x000002417d370000]
CodeHeap 'profiled nmethods': size=120000Kb used=14583Kb max_used=14583Kb free=105417Kb
 bounds [0x000002416e370000, 0x000002416f1b0000, 0x00000241758a0000]
CodeHeap 'non-nmethods': size=5760Kb used=2386Kb max_used=2468Kb free=3373Kb
 bounds [0x00000241758a0000, 0x0000024175b10000, 0x0000024175e40000]
 total_blobs=7797 nmethods=6888 adapters=820
 compilation: enabled
              stopped_count=0, restarted_count=0
 full_count=0

Compilation events (20 events):
Event: 71.700 Thread 0x000002417f2ce330 7626       3       java.util.Formatter$FormatSpecifier::print (62 bytes)
Event: 71.701 Thread 0x000002417f2ce330 nmethod 7626 0x000002416f1a8c90 code [0x000002416f1a8f00, 0x000002416f1a9918]
Event: 71.701 Thread 0x000002417f2ce330 7627       3       java.util.Formatter$FormatSpecifier::appendJustified (91 bytes)
Event: 71.701 Thread 0x000002417f2ce330 nmethod 7627 0x000002416f1a9d10 code [0x000002416f1a9f20, 0x000002416f1aa708]
Event: 71.701 Thread 0x000002417f2ce330 7628       3       java.util.Formatter$FormatSpecifier::<init> (77 bytes)
Event: 71.701 Thread 0x000002417f2ce330 nmethod 7628 0x000002416f1aa990 code [0x000002416f1aaba0, 0x000002416f1ab358]
Event: 71.883 Thread 0x000002417f2cce10 7629       4       java.util.concurrent.TimeUnit::toNanos (45 bytes)
Event: 71.883 Thread 0x000002417f2cce10 nmethod 7629 0x0000024176201f10 code [0x0000024176202080, 0x0000024176202178]
Event: 72.122 Thread 0x000002417f2cce10 7630       4       org.gradle.internal.snapshot.PathUtil::isFileSeparator (20 bytes)
Event: 72.122 Thread 0x000002417f2ce330 7631       3       java.util.Optional::get (22 bytes)
Event: 72.122 Thread 0x000002417f2ce330 nmethod 7631 0x000002416f1ab590 code [0x000002416f1ab740, 0x000002416f1ab968]
Event: 72.122 Thread 0x000002417f2ce330 7632       3       com.google.common.collect.MapMakerInternalMap$WeakKeyDummyValueEntry$Helper::newEntry (16 bytes)
Event: 72.122 Thread 0x000002417f2ce330 nmethod 7632 0x000002416f1aba90 code [0x000002416f1abc40, 0x000002416f1abf68]
Event: 72.122 Thread 0x000002417f2ce330 7633       3       com.google.common.collect.MapMakerInternalMap$WeakKeyDummyValueEntry$Helper::setValue (17 bytes)
Event: 72.122 Thread 0x000002417f2cce10 nmethod 7630 0x0000024176202210 code [0x0000024176202380, 0x00000241762023f8]
Event: 72.122 Thread 0x000002417f2ce330 nmethod 7633 0x000002416f1ac090 code [0x000002416f1ac240, 0x000002416f1ac698]
Event: 72.122 Thread 0x000002417f2ce330 7634       3       com.google.common.collect.MapMakerInternalMap$WeakKeyDummyValueEntry$Helper::setValue (1 bytes)
Event: 72.122 Thread 0x000002417f2ce330 nmethod 7634 0x000002416f1ac790 code [0x000002416f1ac920, 0x000002416f1aca38]
Event: 74.122 Thread 0x000002417f2cce10 7635       4       java.util.concurrent.locks.AbstractQueuedSynchronizer$Node::getAndUnsetStatus (14 bytes)
Event: 74.123 Thread 0x000002417f2cce10 nmethod 7635 0x0000024176202510 code [0x0000024176202680, 0x0000024176202738]

GC Heap History (20 events):
Event: 3.892 GC heap before
{Heap before GC invocations=6 (full 0):
 garbage-first heap   total 81920K, used 59211K [0x0000000080000000, 0x0000000100000000)
  region size 1024K, 35 young (35840K), 1 survivors (1024K)
 Metaspace       used 30808K, committed 31232K, reserved 491520K
  class space    used 4342K, committed 4544K, reserved 425984K
}
Event: 3.895 GC heap after
{Heap after GC invocations=7 (full 0):
 garbage-first heap   total 81920K, used 28419K [0x0000000080000000, 0x0000000100000000)
  region size 1024K, 4 young (4096K), 4 survivors (4096K)
 Metaspace       used 30808K, committed 31232K, reserved 491520K
  class space    used 4342K, committed 4544K, reserved 425984K
}
Event: 4.395 GC heap before
{Heap before GC invocations=7 (full 0):
 garbage-first heap   total 81920K, used 65283K [0x0000000080000000, 0x0000000100000000)
  region size 1024K, 36 young (36864K), 4 survivors (4096K)
 Metaspace       used 34630K, committed 35072K, reserved 491520K
  class space    used 4779K, committed 4992K, reserved 425984K
}
Event: 4.399 GC heap after
{Heap after GC invocations=8 (full 0):
 garbage-first heap   total 81920K, used 31015K [0x0000000080000000, 0x0000000100000000)
  region size 1024K, 3 young (3072K), 3 survivors (3072K)
 Metaspace       used 34630K, committed 35072K, reserved 491520K
  class space    used 4779K, committed 4992K, reserved 425984K
}
Event: 4.735 GC heap before
{Heap before GC invocations=8 (full 0):
 garbage-first heap   total 81920K, used 44327K [0x0000000080000000, 0x0000000100000000)
  region size 1024K, 17 young (17408K), 3 survivors (3072K)
 Metaspace       used 35568K, committed 35968K, reserved 491520K
  class space    used 4929K, committed 5120K, reserved 425984K
}
Event: 4.738 GC heap after
{Heap after GC invocations=9 (full 0):
 garbage-first heap   total 81920K, used 33130K [0x0000000080000000, 0x0000000100000000)
  region size 1024K, 3 young (3072K), 3 survivors (3072K)
 Metaspace       used 35568K, committed 35968K, reserved 491520K
  class space    used 4929K, committed 5120K, reserved 425984K
}
Event: 5.408 GC heap before
{Heap before GC invocations=10 (full 0):
 garbage-first heap   total 81920K, used 61802K [0x0000000080000000, 0x0000000100000000)
  region size 1024K, 31 young (31744K), 3 survivors (3072K)
 Metaspace       used 36288K, committed 36736K, reserved 491520K
  class space    used 4999K, committed 5184K, reserved 425984K
}
Event: 5.411 GC heap after
{Heap after GC invocations=11 (full 0):
 garbage-first heap   total 81920K, used 35111K [0x0000000080000000, 0x0000000100000000)
  region size 1024K, 4 young (4096K), 4 survivors (4096K)
 Metaspace       used 36288K, committed 36736K, reserved 491520K
  class space    used 4999K, committed 5184K, reserved 425984K
}
Event: 14.046 GC heap before
{Heap before GC invocations=11 (full 0):
 garbage-first heap   total 81920K, used 62759K [0x0000000080000000, 0x0000000100000000)
  region size 1024K, 32 young (32768K), 4 survivors (4096K)
 Metaspace       used 37975K, committed 38464K, reserved 491520K
  class space    used 5251K, committed 5504K, reserved 425984K
}
Event: 14.049 GC heap after
{Heap after GC invocations=12 (full 0):
 garbage-first heap   total 81920K, used 36500K [0x0000000080000000, 0x0000000100000000)
  region size 1024K, 2 young (2048K), 2 survivors (2048K)
 Metaspace       used 37975K, committed 38464K, reserved 491520K
  class space    used 5251K, committed 5504K, reserved 425984K
}
Event: 14.425 GC heap before
{Heap before GC invocations=12 (full 0):
 garbage-first heap   total 81920K, used 63124K [0x0000000080000000, 0x0000000100000000)
  region size 1024K, 29 young (29696K), 2 survivors (2048K)
 Metaspace       used 40813K, committed 41344K, reserved 491520K
  class space    used 5700K, committed 5952K, reserved 425984K
}
Event: 14.428 GC heap after
{Heap after GC invocations=13 (full 0):
 garbage-first heap   total 81920K, used 37832K [0x0000000080000000, 0x0000000100000000)
  region size 1024K, 3 young (3072K), 3 survivors (3072K)
 Metaspace       used 40813K, committed 41344K, reserved 491520K
  class space    used 5700K, committed 5952K, reserved 425984K
}
Event: 14.780 GC heap before
{Heap before GC invocations=13 (full 0):
 garbage-first heap   total 81920K, used 65480K [0x0000000080000000, 0x0000000100000000)
  region size 1024K, 30 young (30720K), 3 survivors (3072K)
 Metaspace       used 45800K, committed 46400K, reserved 491520K
  class space    used 6311K, committed 6592K, reserved 425984K
}
Event: 14.783 GC heap after
{Heap after GC invocations=14 (full 0):
 garbage-first heap   total 81920K, used 40239K [0x0000000080000000, 0x0000000100000000)
  region size 1024K, 4 young (4096K), 4 survivors (4096K)
 Metaspace       used 45800K, committed 46400K, reserved 491520K
  class space    used 6311K, committed 6592K, reserved 425984K
}
Event: 15.274 GC heap before
{Heap before GC invocations=14 (full 0):
 garbage-first heap   total 81920K, used 65839K [0x0000000080000000, 0x0000000100000000)
  region size 1024K, 29 young (29696K), 4 survivors (4096K)
 Metaspace       used 50127K, committed 50688K, reserved 491520K
  class space    used 6949K, committed 7232K, reserved 425984K
}
Event: 15.277 GC heap after
{Heap after GC invocations=15 (full 0):
 garbage-first heap   total 81920K, used 42130K [0x0000000080000000, 0x0000000100000000)
  region size 1024K, 3 young (3072K), 3 survivors (3072K)
 Metaspace       used 50127K, committed 50688K, reserved 491520K
  class space    used 6949K, committed 7232K, reserved 425984K
}
Event: 17.364 GC heap before
{Heap before GC invocations=15 (full 0):
 garbage-first heap   total 81920K, used 64658K [0x0000000080000000, 0x0000000100000000)
  region size 1024K, 26 young (26624K), 3 survivors (3072K)
 Metaspace       used 56109K, committed 56704K, reserved 491520K
  class space    used 7783K, committed 8064K, reserved 425984K
}
Event: 17.367 GC heap after
{Heap after GC invocations=16 (full 0):
 garbage-first heap   total 81920K, used 43765K [0x0000000080000000, 0x0000000100000000)
  region size 1024K, 4 young (4096K), 4 survivors (4096K)
 Metaspace       used 56109K, committed 56704K, reserved 491520K
  class space    used 7783K, committed 8064K, reserved 425984K
}
Event: 17.688 GC heap before
{Heap before GC invocations=17 (full 0):
 garbage-first heap   total 81920K, used 66293K [0x0000000080000000, 0x0000000100000000)
  region size 1024K, 27 young (27648K), 4 survivors (4096K)
 Metaspace       used 59094K, committed 59712K, reserved 491520K
  class space    used 8081K, committed 8320K, reserved 425984K
}
Event: 17.694 GC heap after
{Heap after GC invocations=18 (full 0):
 garbage-first heap   total 81920K, used 49496K [0x0000000080000000, 0x0000000100000000)
  region size 1024K, 4 young (4096K), 4 survivors (4096K)
 Metaspace       used 59094K, committed 59712K, reserved 491520K
  class space    used 8081K, committed 8320K, reserved 425984K
}

Deoptimization events (20 events):
Event: 19.123 Thread 0x000002417f584340 DEOPT PACKING pc=0x000002417617cf08 sp=0x000000f501af9760
Event: 19.123 Thread 0x000002417f584340 DEOPT UNPACKING pc=0x00000241758f23a3 sp=0x000000f501af96c8 mode 2
Event: 19.317 Thread 0x000002417f584340 DEOPT PACKING pc=0x00000241761d2770 sp=0x000000f501af82b0
Event: 19.317 Thread 0x000002417f584340 DEOPT UNPACKING pc=0x00000241758f2b43 sp=0x000000f501af7700 mode 0
Event: 29.815 Thread 0x000002417f584340 DEOPT PACKING pc=0x000002416e9f0a59 sp=0x000000f501af9210
Event: 29.815 Thread 0x000002417f584340 DEOPT UNPACKING pc=0x00000241758f2b43 sp=0x000000f501af8708 mode 0
Event: 32.072 Thread 0x000002417f584340 Uncommon trap: trap_request=0xffffffc6 fr.pc=0x0000024175f2ed4c relative=0x00000000000007ec
Event: 32.072 Thread 0x000002417f584340 Uncommon trap: reason=bimorphic_or_optimized_type_check action=maybe_recompile pc=0x0000024175f2ed4c method=java.util.stream.MatchOps$MatchOp.evaluateSequential(Ljava/util/stream/PipelineHelper;Ljava/util/Spliterator;)Ljava/lang/Boolean; @ 14 c2
Event: 32.072 Thread 0x000002417f584340 DEOPT PACKING pc=0x0000024175f2ed4c sp=0x000000f501af86c0
Event: 32.072 Thread 0x000002417f584340 DEOPT UNPACKING pc=0x00000241758f23a3 sp=0x000000f501af85f8 mode 2
Event: 32.090 Thread 0x00000241271f63e0 DEOPT PACKING pc=0x000002416e8007dc sp=0x000000f5022feac0
Event: 32.090 Thread 0x00000241271f63e0 DEOPT UNPACKING pc=0x00000241758f2b43 sp=0x000000f5022fe040 mode 0
Event: 32.151 Thread 0x000002417f584340 Uncommon trap: trap_request=0xffffffc6 fr.pc=0x0000024175f2ed4c relative=0x00000000000007ec
Event: 32.151 Thread 0x000002417f584340 Uncommon trap: reason=bimorphic_or_optimized_type_check action=maybe_recompile pc=0x0000024175f2ed4c method=java.util.stream.MatchOps$MatchOp.evaluateSequential(Ljava/util/stream/PipelineHelper;Ljava/util/Spliterator;)Ljava/lang/Boolean; @ 14 c2
Event: 32.151 Thread 0x000002417f584340 DEOPT PACKING pc=0x0000024175f2ed4c sp=0x000000f501af9eb0
Event: 32.151 Thread 0x000002417f584340 DEOPT UNPACKING pc=0x00000241758f23a3 sp=0x000000f501af9de8 mode 2
Event: 72.123 Thread 0x000002417f584340 Uncommon trap: trap_request=0xffffffc6 fr.pc=0x0000024175f2ed4c relative=0x00000000000007ec
Event: 72.123 Thread 0x000002417f584340 Uncommon trap: reason=bimorphic_or_optimized_type_check action=maybe_recompile pc=0x0000024175f2ed4c method=java.util.stream.MatchOps$MatchOp.evaluateSequential(Ljava/util/stream/PipelineHelper;Ljava/util/Spliterator;)Ljava/lang/Boolean; @ 14 c2
Event: 72.123 Thread 0x000002417f584340 DEOPT PACKING pc=0x0000024175f2ed4c sp=0x000000f501af9c70
Event: 72.123 Thread 0x000002417f584340 DEOPT UNPACKING pc=0x00000241758f23a3 sp=0x000000f501af9ba8 mode 2

Classes unloaded (0 events):
No events

Classes redefined (0 events):
No events

Internal exceptions (20 events):
Event: 29.788 Thread 0x000002417f584340 Exception <a 'sun/nio/fs/WindowsException'{0x000000008fd2aac8}> (0x000000008fd2aac8) 
thrown [s\open\src\hotspot\share\prims\jni.cpp, line 516]
Event: 29.796 Thread 0x000002417f584340 Exception <a 'sun/nio/fs/WindowsException'{0x000000008fd40f98}> (0x000000008fd40f98) 
thrown [s\open\src\hotspot\share\prims\jni.cpp, line 516]
Event: 29.814 Thread 0x000002417f584340 Exception <a 'sun/nio/fs/WindowsException'{0x000000008fd4c198}> (0x000000008fd4c198) 
thrown [s\open\src\hotspot\share\prims\jni.cpp, line 516]
Event: 29.817 Thread 0x000002417f584340 Exception <a 'sun/nio/fs/WindowsException'{0x000000008fd52df8}> (0x000000008fd52df8) 
thrown [s\open\src\hotspot\share\prims\jni.cpp, line 516]
Event: 29.819 Thread 0x000002417f584340 Exception <a 'sun/nio/fs/WindowsException'{0x000000008fd59028}> (0x000000008fd59028) 
thrown [s\open\src\hotspot\share\prims\jni.cpp, line 516]
Event: 29.824 Thread 0x000002417f584340 Exception <a 'sun/nio/fs/WindowsException'{0x000000008fd5eff0}> (0x000000008fd5eff0) 
thrown [s\open\src\hotspot\share\prims\jni.cpp, line 516]
Event: 30.018 Thread 0x000002417f584340 Exception <a 'sun/nio/fs/WindowsException'{0x000000008fd66d68}> (0x000000008fd66d68) 
thrown [s\open\src\hotspot\share\prims\jni.cpp, line 516]
Event: 30.922 Thread 0x000002417f584340 Exception <a 'sun/nio/fs/WindowsException'{0x000000008fd6d120}> (0x000000008fd6d120) 
thrown [s\open\src\hotspot\share\prims\jni.cpp, line 516]
Event: 30.927 Thread 0x000002417f584340 Exception <a 'sun/nio/fs/WindowsException'{0x000000008fd730d0}> (0x000000008fd730d0) 
thrown [s\open\src\hotspot\share\prims\jni.cpp, line 516]
Event: 30.955 Thread 0x000002417f584340 Exception <a 'sun/nio/fs/WindowsException'{0x000000008fd797a8}> (0x000000008fd797a8) 
thrown [s\open\src\hotspot\share\prims\jni.cpp, line 516]
Event: 31.103 Thread 0x000002417f584340 Exception <a 'sun/nio/fs/WindowsException'{0x000000008fd7f928}> (0x000000008fd7f928) 
thrown [s\open\src\hotspot\share\prims\jni.cpp, line 516]
Event: 31.333 Thread 0x000002417f584340 Exception <a 'sun/nio/fs/WindowsException'{0x000000008fd84be0}> (0x000000008fd84be0) 
thrown [s\open\src\hotspot\share\prims\jni.cpp, line 516]
Event: 31.399 Thread 0x000002417f584340 Exception <a 'sun/nio/fs/WindowsException'{0x000000008fd8e090}> (0x000000008fd8e090) 
thrown [s\open\src\hotspot\share\prims\jni.cpp, line 516]
Event: 31.694 Thread 0x000002417f584340 Exception <a 'sun/nio/fs/WindowsException'{0x000000008fd95378}> (0x000000008fd95378) 
thrown [s\open\src\hotspot\share\prims\jni.cpp, line 516]
Event: 31.704 Thread 0x000002417f584340 Exception <a 'sun/nio/fs/WindowsException'{0x000000008fd9bbc8}> (0x000000008fd9bbc8) 
thrown [s\open\src\hotspot\share\prims\jni.cpp, line 516]
Event: 31.711 Thread 0x000002417f584340 Exception <a 'sun/nio/fs/WindowsException'{0x000000008fda1df8}> (0x000000008fda1df8) 
thrown [s\open\src\hotspot\share\prims\jni.cpp, line 516]
Event: 31.714 Thread 0x000002417f584340 Exception <a 'sun/nio/fs/WindowsException'{0x000000008fda7df0}> (0x000000008fda7df0) 
thrown [s\open\src\hotspot\share\prims\jni.cpp, line 516]
Event: 31.716 Thread 0x000002417f584340 Exception <a 'sun/nio/fs/WindowsException'{0x000000008fdaddb8}> (0x000000008fdaddb8) 
thrown [s\open\src\hotspot\share\prims\jni.cpp, line 516]
Event: 31.949 Thread 0x000002417f584340 Exception <a 'sun/nio/fs/WindowsException'{0x000000008fdea908}> (0x000000008fdea908) 
thrown [s\open\src\hotspot\share\prims\jni.cpp, line 516]
Event: 77.135 Thread 0x000002417f584340 Exception <a 'net/rubygrapefruit/platform/NativeException'{0x00000000842205a8}: Execution timed out> (0x00000000842205a8) 
thrown [s\open\src\hotspot\share\prims\jni.cpp, line 535]

VM Operations (20 events):
Event: 31.413 Executing VM operation: Cleanup
Event: 31.414 Executing VM operation: Cleanup done
Event: 32.420 Executing VM operation: Cleanup
Event: 32.420 Executing VM operation: Cleanup done
Event: 42.502 Executing VM operation: Cleanup
Event: 42.502 Executing VM operation: Cleanup done
Event: 48.549 Executing VM operation: Cleanup
Event: 48.549 Executing VM operation: Cleanup done
Event: 52.578 Executing VM operation: Cleanup
Event: 52.578 Executing VM operation: Cleanup done
Event: 60.128 Executing VM operation: HandshakeAllThreads
Event: 60.128 Executing VM operation: HandshakeAllThreads done
Event: 61.134 Executing VM operation: Cleanup
Event: 61.134 Executing VM operation: Cleanup done
Event: 62.142 Executing VM operation: Cleanup
Event: 62.142 Executing VM operation: Cleanup done
Event: 72.220 Executing VM operation: Cleanup
Event: 72.220 Executing VM operation: Cleanup done
Event: 77.254 Executing VM operation: Cleanup
Event: 77.254 Executing VM operation: Cleanup done

Events (20 events):
Event: 17.833 loading class java/util/function/ToIntBiFunction done
Event: 17.839 loading class java/nio/file/Path$1
Event: 17.839 loading class java/nio/file/Path$1 done
Event: 18.039 Thread 0x0000024127142750 Thread exited: 0x0000024127142750
Event: 18.771 Thread 0x000002417f7394f0 Thread exited: 0x000002417f7394f0
Event: 19.284 Thread 0x000002417f7394f0 Thread added: 0x000002417f7394f0
Event: 20.399 Thread 0x000002417f7394f0 Thread exited: 0x000002417f7394f0
Event: 29.797 Thread 0x000002417f7394f0 Thread added: 0x000002417f7394f0
Event: 30.019 Thread 0x000002417f7394f0 Thread exited: 0x000002417f7394f0
Event: 31.986 loading class java/util/EnumMap$Values
Event: 31.986 loading class java/util/EnumMap$Values done
Event: 31.986 loading class java/util/EnumMap$ValueIterator
Event: 31.987 loading class java/util/EnumMap$EnumMapIterator
Event: 31.987 loading class java/util/EnumMap$EnumMapIterator done
Event: 31.987 loading class java/util/EnumMap$ValueIterator done
Event: 73.706 Thread 0x00000241271f7310 Thread exited: 0x00000241271f7310
Event: 73.706 Thread 0x00000241271f3650 Thread exited: 0x00000241271f3650
Event: 73.706 Thread 0x00000241271f7820 Thread exited: 0x00000241271f7820
Event: 77.134 loading class java/util/logging/LogRecord
Event: 77.134 loading class java/util/logging/LogRecord done


Dynamic libraries:
0x00007ff70c180000 - 0x00007ff70c190000 	C:\Program Files\Java\jdk-17.0.10\bin\java.exe
0x00007ff9ebe30000 - 0x00007ff9ec047000 	C:\WINDOWS\SYSTEM32\ntdll.dll
0x00007ff9eb630000 - 0x00007ff9eb6f4000 	C:\WINDOWS\System32\KERNEL32.DLL
0x00007ff9e9270000 - 0x00007ff9e9617000 	C:\WINDOWS\System32\KERNELBASE.dll
0x00007ff9e9620000 - 0x00007ff9e9731000 	C:\WINDOWS\System32\ucrtbase.dll
0x00007ff9c2c00000 - 0x00007ff9c2c1b000 	C:\Program Files\Java\jdk-17.0.10\bin\VCRUNTIME140.dll
0x00007ff9bf850000 - 0x00007ff9bf869000 	C:\Program Files\Java\jdk-17.0.10\bin\jli.dll
0x00007ff9ea3c0000 - 0x00007ff9ea472000 	C:\WINDOWS\System32\ADVAPI32.dll
0x00007ff9ea7f0000 - 0x00007ff9ea897000 	C:\WINDOWS\System32\msvcrt.dll
0x00007ff9ea740000 - 0x00007ff9ea7e8000 	C:\WINDOWS\System32\sechost.dll
0x00007ff9e9a90000 - 0x00007ff9e9ab8000 	C:\WINDOWS\System32\bcrypt.dll
0x00007ff9eb700000 - 0x00007ff9eb815000 	C:\WINDOWS\System32\RPCRT4.dll
0x00007ff9eb820000 - 0x00007ff9eb9ce000 	C:\WINDOWS\System32\USER32.dll
0x00007ff9e97c0000 - 0x00007ff9e97e6000 	C:\WINDOWS\System32\win32u.dll
0x00007ff9d17d0000 - 0x00007ff9d1a63000 	C:\WINDOWS\WinSxS\amd64_microsoft.windows.common-controls_6595b64144ccf1df_6.0.22621.3527_none_270e469b73872a76\COMCTL32.dll
0x00007ff9ebbc0000 - 0x00007ff9ebbe9000 	C:\WINDOWS\System32\GDI32.dll
0x00007ff9e9150000 - 0x00007ff9e9269000 	C:\WINDOWS\System32\gdi32full.dll
0x00007ff9e9ac0000 - 0x00007ff9e9b5a000 	C:\WINDOWS\System32\msvcp_win.dll
0x00007ff9ddf30000 - 0x00007ff9ddf3a000 	C:\WINDOWS\SYSTEM32\VERSION.dll
0x00007ff9ebbf0000 - 0x00007ff9ebc21000 	C:\WINDOWS\System32\IMM32.DLL
0x00007ff9c4fe0000 - 0x00007ff9c4fec000 	C:\Program Files\Java\jdk-17.0.10\bin\vcruntime140_1.dll
0x00007ff8d9f80000 - 0x00007ff8da00e000 	C:\Program Files\Java\jdk-17.0.10\bin\msvcp140.dll
0x00007ff8b1c80000 - 0x00007ff8b285f000 	C:\Program Files\Java\jdk-17.0.10\bin\server\jvm.dll
0x00007ff9eaa60000 - 0x00007ff9eaa68000 	C:\WINDOWS\System32\PSAPI.DLL
0x00007ff9c8440000 - 0x00007ff9c8449000 	C:\WINDOWS\SYSTEM32\WSOCK32.dll
0x00007ff9d3750000 - 0x00007ff9d3784000 	C:\WINDOWS\SYSTEM32\WINMM.dll
0x00007ff9ea580000 - 0x00007ff9ea5f1000 	C:\WINDOWS\System32\WS2_32.dll
0x00007ff9e8130000 - 0x00007ff9e8148000 	C:\WINDOWS\SYSTEM32\kernel.appcore.dll
0x00007ff9b9be0000 - 0x00007ff9b9bea000 	C:\Program Files\Java\jdk-17.0.10\bin\jimage.dll
0x00007ff9e6a30000 - 0x00007ff9e6c62000 	C:\WINDOWS\SYSTEM32\DBGHELP.DLL
0x00007ff9eaef0000 - 0x00007ff9eb278000 	C:\WINDOWS\System32\combase.dll
0x00007ff9eb280000 - 0x00007ff9eb357000 	C:\WINDOWS\System32\OLEAUT32.dll
0x00007ff9db0c0000 - 0x00007ff9db0f2000 	C:\WINDOWS\SYSTEM32\dbgcore.DLL
0x00007ff9e9740000 - 0x00007ff9e97b9000 	C:\WINDOWS\System32\bcryptPrimitives.dll
0x00007ff9b4c10000 - 0x00007ff9b4c1e000 	C:\Program Files\Java\jdk-17.0.10\bin\instrument.dll
0x00007ff9a0d60000 - 0x00007ff9a0d85000 	C:\Program Files\Java\jdk-17.0.10\bin\java.dll
0x00007ff8bc1f0000 - 0x00007ff8bc2c7000 	C:\Program Files\Java\jdk-17.0.10\bin\jsvml.dll
0x00007ff9e9b60000 - 0x00007ff9ea3bc000 	C:\WINDOWS\System32\SHELL32.dll
0x00007ff9e7040000 - 0x00007ff9e7936000 	C:\WINDOWS\SYSTEM32\windows.storage.dll
0x00007ff9e6f00000 - 0x00007ff9e703e000 	C:\WINDOWS\SYSTEM32\wintypes.dll
0x00007ff9eb530000 - 0x00007ff9eb625000 	C:\WINDOWS\System32\SHCORE.dll
0x00007ff9ebc90000 - 0x00007ff9ebcee000 	C:\WINDOWS\System32\shlwapi.dll
0x00007ff9e9080000 - 0x00007ff9e90a1000 	C:\WINDOWS\SYSTEM32\profapi.dll
0x00007ff99db60000 - 0x00007ff99db78000 	C:\Program Files\Java\jdk-17.0.10\bin\zip.dll
0x00007ff9b4c60000 - 0x00007ff9b4c79000 	C:\Program Files\Java\jdk-17.0.10\bin\net.dll
0x00007ff9e13a0000 - 0x00007ff9e14d6000 	C:\WINDOWS\SYSTEM32\WINHTTP.dll
0x00007ff9e8590000 - 0x00007ff9e85f9000 	C:\WINDOWS\system32\mswsock.dll
0x00007ff99e4e0000 - 0x00007ff99e4f6000 	C:\Program Files\Java\jdk-17.0.10\bin\nio.dll
0x00007ff9b9bd0000 - 0x00007ff9b9be0000 	C:\Program Files\Java\jdk-17.0.10\bin\verify.dll
0x00007ff8bc2f0000 - 0x00007ff8bc317000 	C:\Users\shubh\.gradle\native\c067742578af261105cb4f569cf0c3c89f3d7b1fecec35dd04571415982c5e48\windows-amd64\native-platform.dll
0x00007ff8ad920000 - 0x00007ff8ada64000 	C:\Users\shubh\.gradle\native\38dada09dfb8b06ba9b0570ebf7e218e3eb74d4ef43ca46872605cf95ebc2f47\windows-amd64\native-platform-file-events.dll
0x00007ff9b3400000 - 0x00007ff9b340a000 	C:\Program Files\Java\jdk-17.0.10\bin\management.dll
0x00007ff9b3130000 - 0x00007ff9b313b000 	C:\Program Files\Java\jdk-17.0.10\bin\management_ext.dll
0x00007ff9e8950000 - 0x00007ff9e896b000 	C:\WINDOWS\SYSTEM32\CRYPTSP.dll
0x00007ff9e8090000 - 0x00007ff9e80c5000 	C:\WINDOWS\system32\rsaenh.dll
0x00007ff9e8630000 - 0x00007ff9e8658000 	C:\WINDOWS\SYSTEM32\USERENV.dll
0x00007ff9e88c0000 - 0x00007ff9e88cc000 	C:\WINDOWS\SYSTEM32\CRYPTBASE.dll
0x00007ff9e7be0000 - 0x00007ff9e7c0d000 	C:\WINDOWS\SYSTEM32\IPHLPAPI.DLL
0x00007ff9eaa50000 - 0x00007ff9eaa59000 	C:\WINDOWS\System32\NSI.dll
0x00007ff9e0f50000 - 0x00007ff9e0f69000 	C:\WINDOWS\SYSTEM32\dhcpcsvc6.DLL
0x00007ff9e0f30000 - 0x00007ff9e0f4f000 	C:\WINDOWS\SYSTEM32\dhcpcsvc.DLL
0x00007ff9e7c10000 - 0x00007ff9e7d08000 	C:\WINDOWS\SYSTEM32\DNSAPI.dll
0x00007ff9ad840000 - 0x00007ff9ad84e000 	C:\Program Files\Java\jdk-17.0.10\bin\sunmscapi.dll
0x00007ff9e9920000 - 0x00007ff9e9a88000 	C:\WINDOWS\System32\CRYPT32.dll
0x00007ff9e8af0000 - 0x00007ff9e8b1e000 	C:\WINDOWS\SYSTEM32\ncrypt.dll
0x00007ff9e8ab0000 - 0x00007ff9e8ae7000 	C:\WINDOWS\SYSTEM32\NTASN1.dll
0x00007ff9b5760000 - 0x00007ff9b5768000 	C:\WINDOWS\system32\wshunix.dll
0x000000005ae00000 - 0x000000005ae26000 	C:\Program Files\Bonjour\mdnsNSP.dll
0x00007ff9df580000 - 0x00007ff9df58a000 	C:\Windows\System32\rasadhlp.dll
0x00007ff9df590000 - 0x00007ff9df613000 	C:\WINDOWS\System32\fwpuclnt.dll

dbghelp: loaded successfully - version: 4.0.5 - missing functions: none
symbol engine: initialized successfully - sym options: 0x614 - pdb path: .;C:\Program Files\Java\jdk-17.0.10\bin;C:\WINDOWS\SYSTEM32;C:\WINDOWS\WinSxS\amd64_microsoft.windows.common-controls_6595b64144ccf1df_6.0.22621.3527_none_270e469b73872a76;C:\Program Files\Java\jdk-17.0.10\bin\server;C:\Users\shubh\.gradle\native\c067742578af261105cb4f569cf0c3c89f3d7b1fecec35dd04571415982c5e48\windows-amd64;C:\Users\shubh\.gradle\native\38dada09dfb8b06ba9b0570ebf7e218e3eb74d4ef43ca46872605cf95ebc2f47\windows-amd64;C:\Program Files\Bonjour

VM Arguments:
jvm_args: -XX:MaxMetaspaceSize=512m --add-opens=java.base/java.util=ALL-UNNAMED --add-opens=java.base/java.lang=ALL-UNNAMED --add-opens=java.base/java.lang.invoke=ALL-UNNAMED --add-opens=java.prefs/java.util.prefs=ALL-UNNAMED --add-opens=java.base/java.nio.charset=ALL-UNNAMED --add-opens=java.base/java.net=ALL-UNNAMED --add-opens=java.base/java.util.concurrent.atomic=ALL-UNNAMED -Xmx2048m -Dfile.encoding=windows-1252 -Duser.country=IN -Duser.language=en -Duser.variant -javaagent:C:\Users\shubh\.gradle\wrapper\dists\gradle-8.6-all\3mbtmo166bl6vumsh5k2lkq5h\gradle-8.6\lib\agents\gradle-instrumentation-agent-8.6.jar 
java_command: org.gradle.launcher.daemon.bootstrap.GradleDaemon 8.6
java_class_path (initial): C:\Users\shubh\.gradle\wrapper\dists\gradle-8.6-all\3mbtmo166bl6vumsh5k2lkq5h\gradle-8.6\lib\gradle-launcher-8.6.jar
Launcher Type: SUN_STANDARD

[Global flags]
     intx CICompilerCount                          = 4                                         {product} {ergonomic}
   size_t CompressedClassSpaceSize                 = 436207616                                 {product} {ergonomic}
     uint ConcGCThreads                            = 2                                         {product} {ergonomic}
     uint G1ConcRefinementThreads                  = 8                                         {product} {ergonomic}
   size_t G1HeapRegionSize                         = 1048576                                   {product} {ergonomic}
    uintx GCDrainStackTargetSize                   = 64                                        {product} {ergonomic}
   size_t InitialHeapSize                          = 400556032                                 {product} {ergonomic}
   size_t MarkStackSize                            = 4194304                                   {product} {ergonomic}
   size_t MaxHeapSize                              = 2147483648                                {product} {command line}
   size_t MaxMetaspaceSize                         = 536870912                                 {product} {command line}
   size_t MaxNewSize                               = 1287651328                                {product} {ergonomic}
   size_t MinHeapDeltaBytes                        = 1048576                                   {product} {ergonomic}
   size_t MinHeapSize                              = 8388608                                   {product} {ergonomic}
    uintx NonNMethodCodeHeapSize                   = 5839372                                {pd product} {ergonomic}
    uintx NonProfiledCodeHeapSize                  = 122909434                              {pd product} {ergonomic}
    uintx ProfiledCodeHeapSize                     = 122909434                              {pd product} {ergonomic}
    uintx ReservedCodeCacheSize                    = 251658240                              {pd product} {ergonomic}
     bool SegmentedCodeCache                       = true                                      {product} {ergonomic}
   size_t SoftMaxHeapSize                          = 2147483648                             {manageable} {ergonomic}
     bool UseCompressedClassPointers               = true                           {product lp64_product} {ergonomic}
     bool UseCompressedOops                        = true                           {product lp64_product} {ergonomic}
     bool UseG1GC                                  = true                                      {product} {ergonomic}
     bool UseLargePagesIndividualAllocation        = false                                  {pd product} {ergonomic}

Logging:
Log output configuration:
 #0: stdout all=warning uptime,level,tags
 #1: stderr all=off uptime,level,tags

Environment Variables:
JAVA_HOME=C:\Program Files\Java\jdk-17.0.10
CLASSPATH=E:\HexxaTech\React QR Scan\android\\gradle\wrapper\gradle-wrapper.jar
PATH=E:\HexxaTech\React QR Scan\node_modules\.bin;E:\HexxaTech\React QR Scan\node_modules\.bin;E:\HexxaTech\node_modules\.bin;E:\node_modules\.bin;C:\Users\shubh\AppData\Roaming\npm\node_modules\npm\node_modules\@npmcli\run-script\lib\node-gyp-bin;C:\Python312\Scripts\;C:\Python312\;C:\Python311\Scripts\;C:\Python311\;C:\Program Files\Common Files\Oracle\Java\javapath;C:\Program Files (x86)\Common Files\Oracle\Java\javapath;C:\WINDOWS\system32;C:\WINDOWS;C:\WINDOWS\System32\Wbem;C:\WINDOWS\System32\WindowsPowerShell\v1.0\;C:\WINDOWS\System32\OpenSSH\;C:\Program Files\dotnet\;C:\Program Files (x86)\dotnet\;C:\Program Files\Git\cmd;C:\Program Files\Java\jdk-11.0.16.1\bin;C:\Program Files (x86)\NVIDIA Corporation\PhysX\Common;C:\Program Files\NVIDIA Corporation\NVIDIA NvDLISR;C:\ProgramData\chocolatey\bin;C:\Program Files\MongoDB\Server\6.0\bin;C:\mongodb-database-tools-windows-x86_64-100.9.3\bin;C:\Program Files\Microsoft SQL Server\150\Tools\Binn\;C:\Program Files\Microsoft SQL Server\Client SDK\ODBC\170\Tools\Binn\;C:\Program Files (x86)\Microsoft SQL Server\160\DTS\Binn\;C:\Program Files\Azure Data Studio\bin;C:\Program Files (x86)\Microsoft SQL Server\160\Tools\Binn\;C:\Program Files\Microsoft SQL Server\160\Tools\Binn\;C:\Program Files\Microsoft SQL Server\160\DTS\Binn\;C:\Program Files\Cloudflare\Cloudflare WARP\;C:\Program Files\nodejs\;C:\Users\shubh\AppData\Local\Microsoft\WindowsApps;C:\Users\shubh\AppData\Local\Programs\Microsoft VS Code\bin;C:\Program Files\Java\jdk-17.0.10;C:\Users\shubh\AppData\Local\GitHubDesktop\bin;C:\Program Files\MongoDB\Server\6.0\bin;C:\mongosh-1.8.0\bin;C:\Program Files\nodejs\;C:\Program Files\Azure Data Studio\bin;C:\Users\shubh\.dotnet\tools;C:\Users\shubh\AppData\Local\Microsoft\WinGet\Packages\Schniz.fnm_Microsoft.Winget.Source_8wekyb3d8bbwe;C:\Users\shubh\AppData\Roaming\npm
USERNAME=shubh
LANG=en_US.UTF-8
OS=Windows_NT
PROCESSOR_IDENTIFIER=Intel64 Family 6 Model 158 Stepping 13, GenuineIntel



---------------  S Y S T E M  ---------------

OS:
 Windows 11 , 64 bit Build 22621 (10.0.22621.3527)
OS uptime: 0 days 6:14 hours
Hyper-V role detected

CPU: total 8 (initial active 8) (4 cores per cpu, 2 threads per core) family 6 model 158 stepping 13 microcode 0xde, cx8, cmov, fxsr, ht, mmx, 3dnowpref, sse, sse2, sse3, ssse3, sse4.1, sse4.2, popcnt, lzcnt, tsc, tscinvbit, avx, avx2, aes, erms, clmul, bmi1, bmi2, adx, fma, vzeroupper, clflush, clflushopt, hv

Memory: 4k page, system-wide physical 24428M (12624M free)
TotalPageFile size 51052M (AvailPageFile size 21269M)
current process WorkingSet (physical memory assigned to process): 255M, peak: 272M
current process commit charge ("private bytes"): 287M, peak: 573M

vm_info: Java HotSpot(TM) 64-Bit Server VM (17.0.10+11-LTS-240) for windows-amd64 JRE (17.0.10+11-LTS-240), built on Dec 19 2023 21:47:25 by "mach5one" with MS VC++ 17.1 (VS2022)

END.
